0 info it worked if it ends with ok
1 verbose cli [
1 verbose cli   'G:\\NodeJs\\node.exe',
1 verbose cli   'G:\\NodeJs\\node_modules\\npm\\bin\\npm-cli.js',
1 verbose cli   'run',
1 verbose cli   'serve'
1 verbose cli ]
2 info using npm@6.13.4
3 info using node@v12.16.1
4 verbose run-script [ 'preserve', 'serve', 'postserve' ]
5 info lifecycle wuhu-music@0.1.0~preserve: wuhu-music@0.1.0
6 info lifecycle wuhu-music@0.1.0~serve: wuhu-music@0.1.0
7 verbose lifecycle wuhu-music@0.1.0~serve: unsafe-perm in lifecycle true
8 verbose lifecycle wuhu-music@0.1.0~serve: PATH: G:\NodeJs\node_modules\npm\node_modules\npm-lifecycle\node-gyp-bin;F:\InterestingThings\Front-End\wuhu-music\node_modules\.bin;F:\InterestingThings\Front-End\wuhu-music\node_modules\.bin;G:\Xshell\;C:\WINDOWS\system32;C:\WINDOWS;C:\WINDOWS\System32\Wbem;C:\WINDOWS\System32\WindowsPowerShell\v1.0\;C:\WINDOWS\System32\OpenSSH\;F:\jdk1.8\bin;G:\python 3.75;C:\Program Files (x86)\NVIDIA Corporation\PhysX\Common;C:\Program Files\NVIDIA Corporation\NVIDIA NvDLISR;G:\NodeJs;G:\NodeJs\node_global;G:\Git\cmd;F:\MinGW\bin;C:\Users\Sherlock\AppData\Local\Microsoft\WindowsApps;;C:\Users\Sherlock\AppData\Local\Programs\Microsoft VS Code\bin
9 verbose lifecycle wuhu-music@0.1.0~serve: CWD: F:\InterestingThings\Front-End\wuhu-music
10 silly lifecycle wuhu-music@0.1.0~serve: Args: [ '/d /s /c', 'vue-cli-service serve' ]
11 silly lifecycle wuhu-music@0.1.0~serve: Returned: code: 1  signal: null
12 info lifecycle wuhu-music@0.1.0~serve: Failed to exec serve script
13 verbose stack Error: wuhu-music@0.1.0 serve: `vue-cli-service serve`
13 verbose stack Exit status 1
13 verbose stack     at EventEmitter.<anonymous> (G:\NodeJs\node_modules\npm\node_modules\npm-lifecycle\index.js:332:16)
13 verbose stack     at EventEmitter.emit (events.js:311:20)
13 verbose stack     at ChildProcess.<anonymous> (G:\NodeJs\node_modules\npm\node_modules\npm-lifecycle\lib\spawn.js:55:14)
13 verbose stack     at ChildProcess.emit (events.js:311:20)
13 verbose stack     at maybeClose (internal/child_process.js:1021:16)
13 verbose stack     at Process.ChildProcess._handle.onexit (internal/child_process.js:286:5)
14 verbose pkgid wuhu-music@0.1.0
15 verbose cwd F:\InterestingThings\Front-End\wuhu-music
16 verbose Windows_NT 10.0.19042
17 verbose argv "G:\\NodeJs\\node.exe" "G:\\NodeJs\\node_modules\\npm\\bin\\npm-cli.js" "run" "serve"
18 verbose node v12.16.1
19 verbose npm  v6.13.4
20 error code ELIFECYCLE
21 error errno 1
22 error wuhu-music@0.1.0 serve: `vue-cli-service serve`
22 error Exit status 1
23 error Failed at the wuhu-music@0.1.0 serve script.
23 error This is probably not a problem with npm. There is likely additional logging output above.
24 verbose exit [ 1, true ]
